Using pre-set license
Built from '2021.3/staging' branch; Version is '2021.3.22f1 (b6c551784ba3) revision 11978065'; Using compiler version '192829333'; Build Type 'Release'
OS: 'Windows 10  (10.0.19045) 64bit Enterprise' Language: 'ru' Physical Memory: 16246 MB
BatchMode: 1, IsHumanControllingUs: 0, StartBugReporterOnCrash: 0, Is64bit: 1, IsPro: 1

COMMAND LINE ARGUMENTS:
C:\Program Files\Unity\Hub\Editor\2021.3.22f1\Editor\Unity.exe
-adb2
-batchMode
-noUpm
-name
AssetImportWorker0
-projectPath
D:/games/gitrepo/GameJam
-logFile
Logs/AssetImportWorker0.log
-srvPort
57451
Successfully changed project path to: D:/games/gitrepo/GameJam
D:/games/gitrepo/GameJam
[UnityMemory] Configuration Parameters - Can be set up in boot.config
    "memorysetup-bucket-allocator-granularity=16"
    "memorysetup-bucket-allocator-bucket-count=8"
    "memorysetup-bucket-allocator-block-size=33554432"
    "memorysetup-bucket-allocator-block-count=8"
    "memorysetup-main-allocator-block-size=16777216"
    "memorysetup-thread-allocator-block-size=16777216"
    "memorysetup-gfx-main-allocator-block-size=16777216"
    "memorysetup-gfx-thread-allocator-block-size=16777216"
    "memorysetup-cache-allocator-block-size=4194304"
    "memorysetup-typetree-allocator-block-size=2097152"
    "memorysetup-profiler-bucket-allocator-granularity=16"
    "memorysetup-profiler-bucket-allocator-bucket-count=8"
    "memorysetup-profiler-bucket-allocator-block-size=33554432"
    "memorysetup-profiler-bucket-allocator-block-count=8"
    "memorysetup-profiler-allocator-block-size=16777216"
    "memorysetup-profiler-editor-allocator-block-size=1048576"
    "memorysetup-temp-allocator-size-main=16777216"
    "memorysetup-job-temp-allocator-block-size=2097152"
    "memorysetup-job-temp-allocator-block-size-background=1048576"
    "memorysetup-job-temp-allocator-reduction-small-platforms=262144"
    "memorysetup-temp-allocator-size-background-worker=32768"
    "memorysetup-temp-allocator-size-job-worker=262144"
    "memorysetup-temp-allocator-size-preload-manager=33554432"
    "memorysetup-temp-allocator-size-nav-mesh-worker=65536"
    "memorysetup-temp-allocator-size-audio-worker=65536"
    "memorysetup-temp-allocator-size-cloud-worker=32768"
    "memorysetup-temp-allocator-size-gi-baking-worker=262144"
    "memorysetup-temp-allocator-size-gfx=262144"
Player connection [14720] Host "[IP] 26.252.181.163 [Port] 0 [Flags] 2 [Guid] 4224101432 [EditorId] 4224101432 [Version] 1048832 [Id] WindowsEditor(7,WIN-419NFEEP6R3) [Debug] 1 [PackageName] WindowsEditor [ProjectName] Editor" joined multi-casting on [225.0.0.222:54997]...

Player connection [14720] Host "[IP] 26.252.181.163 [Port] 0 [Flags] 2 [Guid] 4224101432 [EditorId] 4224101432 [Version] 1048832 [Id] WindowsEditor(7,WIN-419NFEEP6R3) [Debug] 1 [PackageName] WindowsEditor [ProjectName] Editor" joined alternative multi-casting on [225.0.0.222:34997]...

Refreshing native plugins compatible for Editor in 92.83 ms, found 3 plugins.
Preloading 0 native plugins for Editor in 0.00 ms.
Initialize engine version: 2021.3.22f1 (b6c551784ba3)
[Subsystems] Discovering subsystems at path C:/Program Files/Unity/Hub/Editor/2021.3.22f1/Editor/Data/Resources/UnitySubsystems
[Subsystems] Discovering subsystems at path D:/games/gitrepo/GameJam/Assets
GfxDevice: creating device client; threaded=0; jobified=0
Direct3D:
    Version:  Direct3D 11.0 [level 11.1]
    Renderer: NVIDIA GeForce GTX 1060 6GB (ID=0x1c03)
    Vendor:   NVIDIA
    VRAM:     6043 MB
    Driver:   31.0.15.3168
Initialize mono
Mono path[0] = 'C:/Program Files/Unity/Hub/Editor/2021.3.22f1/Editor/Data/Managed'
Mono path[1] = 'C:/Program Files/Unity/Hub/Editor/2021.3.22f1/Editor/Data/MonoBleedingEdge/lib/mono/unityjit-win32'
Mono config path = 'C:/Program Files/Unity/Hub/Editor/2021.3.22f1/Editor/Data/MonoBleedingEdge/etc'
Using monoOptions --debugger-agent=transport=dt_socket,embedding=1,server=y,suspend=n,address=127.0.0.1:56632
Begin MonoManager ReloadAssembly
Registering precompiled unity dll's ...
Register platform support module: C:/Program Files/Unity/Hub/Editor/2021.3.22f1/Editor/Data/PlaybackEngines/AndroidPlayer/UnityEditor.Android.Extensions.dll
Register platform support module: C:/Program Files/Unity/Hub/Editor/2021.3.22f1/Editor/Data/PlaybackEngines/WindowsStandaloneSupport/UnityEditor.WindowsStandalone.Extensions.dll
Registered in 0.008300 seconds.
Native extension for WindowsStandalone target not found
Native extension for Android target not found
Android Extension - Scanning For ADB Devices 240 ms
Refreshing native plugins compatible for Editor in 86.56 ms, found 3 plugins.
Preloading 0 native plugins for Editor in 0.00 ms.
Mono: successfully reloaded assembly
- Completed reload, in  0.947 seconds
Domain Reload Profiling:
	ReloadAssembly (948ms)
		BeginReloadAssembly (91ms)
			ExecutionOrderSort (0ms)
			DisableScriptedObjects (0ms)
			BackupInstance (0ms)
			ReleaseScriptingObjects (0ms)
			CreateAndSetChildDomain (1ms)
		EndReloadAssembly (737ms)
			LoadAssemblies (89ms)
			RebuildTransferFunctionScriptingTraits (0ms)
			SetupTypeCache (111ms)
			ReleaseScriptCaches (0ms)
			RebuildScriptCaches (29ms)
			SetupLoadedEditorAssemblies (545ms)
				LogAssemblyErrors (0ms)
				InitializePlatformSupportModulesInManaged (307ms)
				SetLoadedEditorAssemblies (0ms)
				RefreshPlugins (87ms)
				BeforeProcessingInitializeOnLoad (1ms)
				ProcessInitializeOnLoadAttributes (99ms)
				ProcessInitializeOnLoadMethodAttributes (52ms)
				AfterProcessingInitializeOnLoad (0ms)
				EditorAssembliesLoaded (0ms)
			ExecutionOrderSort2 (0ms)
			AwakeInstancesAfterBackupRestoration (0ms)
Platform modules already initialized, skipping
Registering precompiled user dll's ...
Registered in 0.005549 seconds.
Begin MonoManager ReloadAssembly
Symbol file LoadedFromMemory doesn't match image D:\games\gitrepo\GameJam\Library\PackageCache\com.unity.visualscripting@1.8.0\Editor\VisualScripting.Core\Dependencies\YamlDotNet\Unity.VisualScripting.YamlDotNet.dll
Symbol file LoadedFromMemory doesn't match image D:\games\gitrepo\GameJam\Library\PackageCache\com.unity.visualscripting@1.8.0\Editor\VisualScripting.Core\Dependencies\DotNetZip\Unity.VisualScripting.IonicZip.dll
OnLevelWasLoaded was found on InventoryController
This message has been deprecated and will be removed in a later version of Unity.
Add a delegate to SceneManager.sceneLoaded instead to get notifications after scene loading has completed
OnLevelWasLoaded was found on TimerScript
This message has been deprecated and will be removed in a later version of Unity.
Add a delegate to SceneManager.sceneLoaded instead to get notifications after scene loading has completed
Native extension for WindowsStandalone target not found
Native extension for Android target not found
Refreshing native plugins compatible for Editor in 0.54 ms, found 3 plugins.
Preloading 0 native plugins for Editor in 0.00 ms.
Mono: successfully reloaded assembly
- Completed reload, in  1.049 seconds
Domain Reload Profiling:
	ReloadAssembly (1049ms)
		BeginReloadAssembly (145ms)
			ExecutionOrderSort (0ms)
			DisableScriptedObjects (9ms)
			BackupInstance (0ms)
			ReleaseScriptingObjects (0ms)
			CreateAndSetChildDomain (25ms)
		EndReloadAssembly (787ms)
			LoadAssemblies (102ms)
			RebuildTransferFunctionScriptingTraits (0ms)
			SetupTypeCache (272ms)
			ReleaseScriptCaches (1ms)
			RebuildScriptCaches (50ms)
			SetupLoadedEditorAssemblies (347ms)
				LogAssemblyErrors (0ms)
				InitializePlatformSupportModulesInManaged (20ms)
				SetLoadedEditorAssemblies (0ms)
				RefreshPlugins (1ms)
				BeforeProcessingInitializeOnLoad (84ms)
				ProcessInitializeOnLoadAttributes (212ms)
				ProcessInitializeOnLoadMethodAttributes (21ms)
				AfterProcessingInitializeOnLoad (9ms)
				EditorAssembliesLoaded (0ms)
			ExecutionOrderSort2 (0ms)
			AwakeInstancesAfterBackupRestoration (6ms)
Platform modules already initialized, skipping
========================================================================
Worker process is ready to serve import requests
Launched and connected shader compiler UnityShaderCompiler.exe after 0.05 seconds
Refreshing native plugins compatible for Editor in 0.49 ms, found 3 plugins.
Preloading 0 native plugins for Editor in 0.00 ms.
Unloading 3116 Unused Serialized files (Serialized files now loaded: 0)
Unloading 24 unused Assets / (114.0 KB). Loaded Objects now: 3579.
Memory consumption went from 111.7 MB to 111.6 MB.
Total: 2.845300 ms (FindLiveObjects: 0.328500 ms CreateObjectMapping: 0.246100 ms MarkObjects: 2.162000 ms  DeleteObjects: 0.107700 ms)

AssetImportParameters requested are different than current active one (requested -> active):
  custom:video-decoder-ogg-theora: a1e56fd34408186e4bbccfd4996cb3dc -> 
  custom:container-muxer-webm: aa71ff27fc2769a1b78a27578f13a17b -> 
  custom:container-demuxer-webm: 4f35f7cbe854078d1ac9338744f61a02 -> 
  custom:video-encoder-webm-vp8: eb34c28f22e8b96e1ab97ce403110664 -> 
  custom:audio-encoder-webm-vorbis: bf7c407c2cedff20999df2af8eb42d56 -> 
  custom:framework-win-MediaFoundation: 216162199b28c13a410421893ffa2e32 -> 
  custom:container-demuxer-ogg: 62fdf1f143b41e24485cea50d1cbac27 -> 
  custom:video-decoder-webm-vp8: 9c59270c3fd7afecdb556c50c9e8de78 -> 
  custom:audio-decoder-ogg-vorbis: bf7c407c2cedff20999df2af8eb42d56 -> 
========================================================================
Received Import Request.
  Time since last request: 775228.607973 seconds.
  path: Assets/Scenes/town/text
  artifactKey: Guid(ebfeab02e831bda4d9399d29fd8b41d1) Importer(815301076,1909f56bfc062723c751e8b465ee728b)
Start importing Assets/Scenes/town/text using Guid(ebfeab02e831bda4d9399d29fd8b41d1) Importer(815301076,1909f56bfc062723c751e8b465ee728b)  -> (artifact id: 'dee22ce9e88541b1e6c9764d155a8a2d') in 0.011047 seconds 
========================================================================
Received Import Request.
  Time since last request: 0.044288 seconds.
  path: Assets/Scenes/town/text/asphalt_1.png
  artifactKey: Guid(29900a868571642419955a36b3714cc4) Importer(815301076,1909f56bfc062723c751e8b465ee728b)
Start importing Assets/Scenes/town/text/asphalt_1.png using Guid(29900a868571642419955a36b3714cc4) Importer(815301076,1909f56bfc062723c751e8b465ee728b)  -> (artifact id: '00f926b23569968a71090219584a68aa') in 0.091609 seconds 
========================================================================
Received Import Request.
  Time since last request: 0.000047 seconds.
  path: Assets/Scenes/town/text/door_3.png
  artifactKey: Guid(073c6d05ff401604e9a0a34c8a0b8423) Importer(815301076,1909f56bfc062723c751e8b465ee728b)
Start importing Assets/Scenes/town/text/door_3.png using Guid(073c6d05ff401604e9a0a34c8a0b8423) Importer(815301076,1909f56bfc062723c751e8b465ee728b)  -> (artifact id: '150d978bb42959c6850aa8586e1e5ef4') in 0.019730 seconds 
========================================================================
Received Import Request.
  Time since last request: 0.000027 seconds.
  path: Assets/Scenes/town/text/door_1.png
  artifactKey: Guid(9e571f4c77e8c814bbe72ad194832a4e) Importer(815301076,1909f56bfc062723c751e8b465ee728b)
Start importing Assets/Scenes/town/text/door_1.png using Guid(9e571f4c77e8c814bbe72ad194832a4e) Importer(815301076,1909f56bfc062723c751e8b465ee728b)  -> (artifact id: '7fd1e73f405c95f1237843e384a7279d') in 0.012594 seconds 
========================================================================
Received Import Request.
  Time since last request: 0.000023 seconds.
  path: Assets/Scenes/town/text/house_5.png
  artifactKey: Guid(86651b45dde78b0489f17cf630e3cd3b) Importer(815301076,1909f56bfc062723c751e8b465ee728b)
Start importing Assets/Scenes/town/text/house_5.png using Guid(86651b45dde78b0489f17cf630e3cd3b) Importer(815301076,1909f56bfc062723c751e8b465ee728b)  -> (artifact id: '855366da52f1c4f39cd926a9a136317c') in 0.014758 seconds 
========================================================================
Received Import Request.
  Time since last request: 0.000016 seconds.
  path: Assets/Scenes/town/text/wall_1.png
  artifactKey: Guid(e8c8a0ed53a71784882e3b58ebe4dc57) Importer(815301076,1909f56bfc062723c751e8b465ee728b)
Start importing Assets/Scenes/town/text/wall_1.png using Guid(e8c8a0ed53a71784882e3b58ebe4dc57) Importer(815301076,1909f56bfc062723c751e8b465ee728b)  -> (artifact id: '50ca834729aa457f72a4111a301feab9') in 0.013496 seconds 
========================================================================
Received Import Request.
  Time since last request: 0.000025 seconds.
  path: Assets/Scenes/town/text/road_1.png
  artifactKey: Guid(a7d8bd748d3dbf34a871874848082cb7) Importer(815301076,1909f56bfc062723c751e8b465ee728b)
Start importing Assets/Scenes/town/text/road_1.png using Guid(a7d8bd748d3dbf34a871874848082cb7) Importer(815301076,1909f56bfc062723c751e8b465ee728b)  -> (artifact id: '8175f5f65e8a4df09ec2fc20c3d4ef1b') in 0.015539 seconds 
========================================================================
Received Import Request.
  Time since last request: 0.000026 seconds.
  path: Assets/Scenes/town/text/wall_4.png
  artifactKey: Guid(70070555d0d555b4e92c84815b3abfff) Importer(815301076,1909f56bfc062723c751e8b465ee728b)
Start importing Assets/Scenes/town/text/wall_4.png using Guid(70070555d0d555b4e92c84815b3abfff) Importer(815301076,1909f56bfc062723c751e8b465ee728b)  -> (artifact id: '1ab3643475d085c458f21d67d1221708') in 0.012317 seconds 
========================================================================
Received Import Request.
  Time since last request: 0.000041 seconds.
  path: Assets/Scenes/town/text/wall_2.png
  artifactKey: Guid(805565aa357f0c24d9d8499bf9babd03) Importer(815301076,1909f56bfc062723c751e8b465ee728b)
Start importing Assets/Scenes/town/text/wall_2.png using Guid(805565aa357f0c24d9d8499bf9babd03) Importer(815301076,1909f56bfc062723c751e8b465ee728b)  -> (artifact id: 'eecf637f0d7fb46a33d52498df6ac50a') in 0.012587 seconds 
========================================================================
Received Import Request.
  Time since last request: 0.000019 seconds.
  path: Assets/Scenes/town/text/road_2.png
  artifactKey: Guid(1983a44cf1f6d014c8f098bc1a4f885a) Importer(815301076,1909f56bfc062723c751e8b465ee728b)
Start importing Assets/Scenes/town/text/road_2.png using Guid(1983a44cf1f6d014c8f098bc1a4f885a) Importer(815301076,1909f56bfc062723c751e8b465ee728b)  -> (artifact id: '590790c11b9f7e64bcc55c289d2afb4b') in 0.013752 seconds 
========================================================================
Received Import Request.
  Time since last request: 0.000019 seconds.
  path: Assets/Scenes/town/text/wood_1.png
  artifactKey: Guid(987ade658a6162b4fa854baf10089ff2) Importer(815301076,1909f56bfc062723c751e8b465ee728b)
Start importing Assets/Scenes/town/text/wood_1.png using Guid(987ade658a6162b4fa854baf10089ff2) Importer(815301076,1909f56bfc062723c751e8b465ee728b)  -> (artifact id: '498631d081811da815b1b129a52c0354') in 0.012899 seconds 
========================================================================
Received Import Request.
  Time since last request: 0.000020 seconds.
  path: Assets/Scenes/town/text/hatch_2.png
  artifactKey: Guid(aa9c586548c7a4349bed69cbb019a0c1) Importer(815301076,1909f56bfc062723c751e8b465ee728b)
Start importing Assets/Scenes/town/text/hatch_2.png using Guid(aa9c586548c7a4349bed69cbb019a0c1) Importer(815301076,1909f56bfc062723c751e8b465ee728b)  -> (artifact id: '9f9280c1a12e4e03423b228423467de1') in 0.014982 seconds 
========================================================================
Received Import Request.
  Time since last request: 0.000025 seconds.
  path: Assets/Scenes/town/text/ground_1.png
  artifactKey: Guid(7cb44183931592446a6231e5932cbacf) Importer(815301076,1909f56bfc062723c751e8b465ee728b)
Start importing Assets/Scenes/town/text/ground_1.png using Guid(7cb44183931592446a6231e5932cbacf) Importer(815301076,1909f56bfc062723c751e8b465ee728b)  -> (artifact id: 'a25b0bf736c0f7619a698c37ecae8fa1') in 0.015409 seconds 
========================================================================
Received Import Request.
  Time since last request: 0.000026 seconds.
  path: Assets/Scenes/town/text/house_6.png
  artifactKey: Guid(367a6d406e4bf844d8f5e912734b9868) Importer(815301076,1909f56bfc062723c751e8b465ee728b)
Start importing Assets/Scenes/town/text/house_6.png using Guid(367a6d406e4bf844d8f5e912734b9868) Importer(815301076,1909f56bfc062723c751e8b465ee728b)  -> (artifact id: 'b17d168e3414627eff67be825eacd7fc') in 0.015926 seconds 
========================================================================
Received Import Request.
  Time since last request: 0.000035 seconds.
  path: Assets/Scenes/town/text/house_3.png
  artifactKey: Guid(5afa033216c1da44f81ff0a69a648cb1) Importer(815301076,1909f56bfc062723c751e8b465ee728b)
Start importing Assets/Scenes/town/text/house_3.png using Guid(5afa033216c1da44f81ff0a69a648cb1) Importer(815301076,1909f56bfc062723c751e8b465ee728b)  -> (artifact id: 'b6dafcd915784499936a017e254a6375') in 0.014416 seconds 
========================================================================
Received Import Request.
  Time since last request: 0.000026 seconds.
  path: Assets/Scenes/town/text/concrete_1.png
  artifactKey: Guid(1a139425609db924387646858fcf4113) Importer(815301076,1909f56bfc062723c751e8b465ee728b)
Start importing Assets/Scenes/town/text/concrete_1.png using Guid(1a139425609db924387646858fcf4113) Importer(815301076,1909f56bfc062723c751e8b465ee728b)  -> (artifact id: '9c1cc542bb1c8dae3c6f34766ebebf53') in 0.014537 seconds 
========================================================================
Received Import Request.
  Time since last request: 0.000021 seconds.
  path: Assets/Scenes/town/text/hatch_1.png
  artifactKey: Guid(c20c8e529dddba34f93bbe5f9e7c1f07) Importer(815301076,1909f56bfc062723c751e8b465ee728b)
Start importing Assets/Scenes/town/text/hatch_1.png using Guid(c20c8e529dddba34f93bbe5f9e7c1f07) Importer(815301076,1909f56bfc062723c751e8b465ee728b)  -> (artifact id: 'e2a2f3eca24655830bf6957d97c736b3') in 0.028031 seconds 
Editor requested this worker to shutdown with reason: Scaling down because of idle timeout
AssetImportWorker is now disconnected from the server
Process exiting
Exiting without the bug reporter. Application will terminate with return code 0